<?xml version="1.0" encoding="UTF-8"?>
<!-- Generated by org.testng.reporters.JUnitReportReporter -->
<testsuite hostname="TNTVivobook" failures="0" tests="2" name="Demopiyush.DemoTest" time="3.592" errors="0" timestamp="10 Aug 2021 22:42:45 GMT" skipped="0">
  <testcase classname="Demopiyush.DemoTest" name="flightTest" time="1.287"/>
  <testcase classname="Demopiyush.DemoTest" name="flightTest" time="2.305"/>
</testsuite> <!-- Demopiyush.DemoTest -->
