<?xml version="1.0" encoding="UTF-8"?>
<!-- Generated by org.testng.reporters.JUnitReportReporter -->
<testsuite hostname="TNTVivobook" failures="0" tests="2" name="Demopiyush.DemoTest" time="18.198" errors="0" timestamp="10 Aug 2021 07:20:41 GMT" skipped="0">
  <testcase classname="Demopiyush.DemoTest" name="flightTest" time="1.390"/>
  <testcase classname="Demopiyush.DemoTest" name="flightTest" time="16.808"/>
</testsuite> <!-- Demopiyush.DemoTest -->
